2025-11-09 20:44:54,582 - books_crawler - INFO - Scheduler running — press Ctrl+C to exit
2025-11-09 20:45:36,157 - books_crawler - INFO - Scheduler running — press Ctrl+C to exit
2025-11-09 20:46:58,438 - books_crawler - INFO - Scheduler running — press Ctrl+C to exit
2025-11-09 20:48:51,649 - books_crawler - INFO - Scheduler running — press Ctrl+C to exit
2025-11-09 20:49:10,162 - books_crawler - INFO - Scheduler running — press Ctrl+C to exit
2025-11-09 20:50:26,480 - books_crawler - INFO - Scheduler running — press Ctrl+C to exit
2025-11-09 20:50:44,565 - books_crawler - INFO - Scheduler running — press Ctrl+C to exit
2025-11-09 20:54:13,571 - books_crawler - INFO - Scheduler running — press Ctrl+C to exit
2025-11-09 20:54:41,579 - books_crawler - INFO - Scheduler running — press Ctrl+C to exit
2025-11-09 20:56:00,217 - books_crawler - INFO - Fetching page: https://books.toscrape.com/
2025-11-09 20:56:01,823 - books_crawler - INFO - Fetching page: https://books.toscrape.com/catalogue/page-2.html
2025-11-09 20:56:02,326 - books_crawler - INFO - Fetching page: https://books.toscrape.com/catalogue/page-3.html
2025-11-09 20:56:04,514 - books_crawler - INFO - Fetching page: https://books.toscrape.com/catalogue/page-4.html
2025-11-09 20:56:07,429 - books_crawler - INFO - Fetching page: https://books.toscrape.com/catalogue/page-5.html
2025-11-09 20:56:09,735 - books_crawler - INFO - Fetching page: https://books.toscrape.com/catalogue/page-6.html
2025-11-09 20:56:10,497 - books_crawler - INFO - Fetching page: https://books.toscrape.com/catalogue/page-7.html
2025-11-09 20:56:13,154 - books_crawler - INFO - Fetching page: https://books.toscrape.com/catalogue/page-8.html
2025-11-09 20:56:13,832 - books_crawler - INFO - Fetching page: https://books.toscrape.com/catalogue/page-9.html
2025-11-09 20:56:16,029 - books_crawler - INFO - Fetching page: https://books.toscrape.com/catalogue/page-10.html
2025-11-09 20:56:16,750 - books_crawler - INFO - Fetching page: https://books.toscrape.com/catalogue/page-11.html
2025-11-09 20:56:18,908 - books_crawler - INFO - Fetching page: https://books.toscrape.com/catalogue/page-12.html
2025-11-09 20:56:19,936 - books_crawler - INFO - Fetching page: https://books.toscrape.com/catalogue/page-13.html
2025-11-09 20:56:22,387 - books_crawler - INFO - Fetching page: https://books.toscrape.com/catalogue/page-14.html
2025-11-09 20:56:24,196 - books_crawler - INFO - Fetching page: https://books.toscrape.com/catalogue/page-15.html
2025-11-09 20:56:25,384 - books_crawler - INFO - Fetching page: https://books.toscrape.com/catalogue/page-16.html
2025-11-09 20:56:27,801 - books_crawler - INFO - Fetching page: https://books.toscrape.com/catalogue/page-17.html
2025-11-09 20:56:28,830 - books_crawler - INFO - Fetching page: https://books.toscrape.com/catalogue/page-18.html
2025-11-09 20:56:29,671 - books_crawler - INFO - Fetching page: https://books.toscrape.com/catalogue/page-19.html
2025-11-09 20:56:30,384 - books_crawler - INFO - Fetching page: https://books.toscrape.com/catalogue/page-20.html
2025-11-09 20:56:31,075 - books_crawler - INFO - Fetching page: https://books.toscrape.com/catalogue/page-21.html
2025-11-09 20:56:31,796 - books_crawler - INFO - Fetching page: https://books.toscrape.com/catalogue/page-22.html
2025-11-09 20:56:32,614 - books_crawler - INFO - Fetching page: https://books.toscrape.com/catalogue/page-23.html
2025-11-09 20:56:33,439 - books_crawler - INFO - Fetching page: https://books.toscrape.com/catalogue/page-24.html
2025-11-09 20:56:34,237 - books_crawler - INFO - Fetching page: https://books.toscrape.com/catalogue/page-25.html
2025-11-09 20:56:34,993 - books_crawler - INFO - Fetching page: https://books.toscrape.com/catalogue/page-26.html
2025-11-09 20:56:35,788 - books_crawler - INFO - Fetching page: https://books.toscrape.com/catalogue/page-27.html
2025-11-09 20:56:36,516 - books_crawler - INFO - Fetching page: https://books.toscrape.com/catalogue/page-28.html
2025-11-09 20:56:37,308 - books_crawler - INFO - Fetching page: https://books.toscrape.com/catalogue/page-29.html
2025-11-09 20:56:38,231 - books_crawler - INFO - Fetching page: https://books.toscrape.com/catalogue/page-30.html
2025-11-09 20:56:38,748 - books_crawler - INFO - Fetching page: https://books.toscrape.com/catalogue/page-31.html
2025-11-09 20:56:39,207 - books_crawler - INFO - Fetching page: https://books.toscrape.com/catalogue/page-32.html
2025-11-09 20:56:39,702 - books_crawler - INFO - Fetching page: https://books.toscrape.com/catalogue/page-33.html
2025-11-09 20:56:40,184 - books_crawler - INFO - Fetching page: https://books.toscrape.com/catalogue/page-34.html
2025-11-09 20:56:40,638 - books_crawler - INFO - Fetching page: https://books.toscrape.com/catalogue/page-35.html
2025-11-09 20:56:41,224 - books_crawler - INFO - Fetching page: https://books.toscrape.com/catalogue/page-36.html
2025-11-09 20:56:41,815 - books_crawler - INFO - Fetching page: https://books.toscrape.com/catalogue/page-37.html
2025-11-09 20:56:42,441 - books_crawler - INFO - Fetching page: https://books.toscrape.com/catalogue/page-38.html
2025-11-09 20:56:42,925 - books_crawler - INFO - Fetching page: https://books.toscrape.com/catalogue/page-39.html
2025-11-09 20:56:43,477 - books_crawler - INFO - Fetching page: https://books.toscrape.com/catalogue/page-40.html
2025-11-09 20:56:44,070 - books_crawler - INFO - Fetching page: https://books.toscrape.com/catalogue/page-41.html
2025-11-09 20:56:44,582 - books_crawler - INFO - Fetching page: https://books.toscrape.com/catalogue/page-42.html
2025-11-09 20:56:45,112 - books_crawler - INFO - Fetching page: https://books.toscrape.com/catalogue/page-43.html
2025-11-09 20:56:47,952 - books_crawler - INFO - Fetching page: https://books.toscrape.com/catalogue/page-44.html
2025-11-09 20:56:48,600 - books_crawler - INFO - Fetching page: https://books.toscrape.com/catalogue/page-45.html
2025-11-09 20:56:49,094 - books_crawler - INFO - Fetching page: https://books.toscrape.com/catalogue/page-46.html
2025-11-09 20:56:50,133 - books_crawler - INFO - Fetching page: https://books.toscrape.com/catalogue/page-47.html
2025-11-09 20:56:50,649 - books_crawler - INFO - Fetching page: https://books.toscrape.com/catalogue/page-48.html
2025-11-09 20:56:51,250 - books_crawler - INFO - Fetching page: https://books.toscrape.com/catalogue/page-49.html
2025-11-09 20:56:51,853 - books_crawler - INFO - Fetching page: https://books.toscrape.com/catalogue/page-50.html
2025-11-10 20:30:49,179 - books_crawler - INFO - Starting new crawl from beginning
2025-11-10 20:30:49,180 - books_crawler - INFO - Fetching page: https://books.toscrape.com/
2025-11-10 20:30:52,155 - books_crawler - INFO - Fetching page: https://books.toscrape.com/catalogue/page-2.html
2025-11-10 20:30:53,158 - books_crawler - INFO - Fetching page: https://books.toscrape.com/catalogue/page-3.html
2025-11-10 20:30:54,285 - books_crawler - INFO - Fetching page: https://books.toscrape.com/catalogue/page-4.html
2025-11-10 20:30:55,440 - books_crawler - INFO - Fetching page: https://books.toscrape.com/catalogue/page-5.html
2025-11-10 20:30:56,470 - books_crawler - INFO - Fetching page: https://books.toscrape.com/catalogue/page-6.html
2025-11-10 20:31:05,797 - books_crawler - INFO - Resuming crawl from page: https://books.toscrape.com/catalogue/page-5.html
2025-11-10 20:31:05,799 - books_crawler - INFO - Fetching page: https://books.toscrape.com/catalogue/page-5.html
2025-11-10 20:31:07,828 - books_crawler - INFO - Fetching page: https://books.toscrape.com/catalogue/page-6.html
2025-11-10 20:31:08,644 - books_crawler - INFO - Fetching page: https://books.toscrape.com/catalogue/page-7.html
2025-11-10 20:31:10,008 - books_crawler - INFO - Fetching page: https://books.toscrape.com/catalogue/page-8.html
2025-11-10 20:31:11,624 - books_crawler - INFO - Fetching page: https://books.toscrape.com/catalogue/page-9.html
2025-11-10 20:31:12,966 - books_crawler - INFO - Fetching page: https://books.toscrape.com/catalogue/page-10.html
2025-11-10 20:31:14,592 - books_crawler - INFO - Fetching page: https://books.toscrape.com/catalogue/page-11.html
2025-11-10 20:31:16,427 - books_crawler - INFO - Fetching page: https://books.toscrape.com/catalogue/page-12.html
2025-11-10 20:31:20,625 - books_crawler - INFO - Fetching page: https://books.toscrape.com/catalogue/page-13.html
2025-11-10 20:31:23,078 - books_crawler - INFO - Fetching page: https://books.toscrape.com/catalogue/page-14.html
2025-11-10 20:31:25,356 - books_crawler - INFO - Fetching page: https://books.toscrape.com/catalogue/page-15.html
2025-11-10 20:31:28,011 - books_crawler - INFO - Fetching page: https://books.toscrape.com/catalogue/page-16.html
2025-11-10 20:31:31,181 - books_crawler - INFO - Fetching page: https://books.toscrape.com/catalogue/page-17.html
2025-11-10 20:31:33,942 - books_crawler - INFO - Fetching page: https://books.toscrape.com/catalogue/page-18.html
2025-11-10 20:31:36,320 - books_crawler - INFO - Fetching page: https://books.toscrape.com/catalogue/page-19.html
2025-11-10 20:31:38,757 - books_crawler - INFO - Fetching page: https://books.toscrape.com/catalogue/page-20.html
2025-11-10 20:31:42,443 - books_crawler - INFO - Fetching page: https://books.toscrape.com/catalogue/page-21.html
2025-11-10 20:31:45,205 - books_crawler - INFO - Fetching page: https://books.toscrape.com/catalogue/page-22.html
2025-11-10 20:31:47,668 - books_crawler - INFO - Fetching page: https://books.toscrape.com/catalogue/page-23.html
2025-11-10 20:31:49,928 - books_crawler - INFO - Fetching page: https://books.toscrape.com/catalogue/page-24.html
2025-11-10 20:31:54,229 - books_crawler - INFO - Fetching page: https://books.toscrape.com/catalogue/page-25.html
2025-11-10 20:31:56,319 - books_crawler - INFO - Fetching page: https://books.toscrape.com/catalogue/page-26.html
2025-11-10 20:31:58,771 - books_crawler - INFO - Fetching page: https://books.toscrape.com/catalogue/page-27.html
2025-11-10 20:32:00,969 - books_crawler - INFO - Fetching page: https://books.toscrape.com/catalogue/page-28.html
2025-11-10 20:32:03,360 - books_crawler - INFO - Fetching page: https://books.toscrape.com/catalogue/page-29.html
2025-11-10 20:32:05,863 - books_crawler - INFO - Fetching page: https://books.toscrape.com/catalogue/page-30.html
2025-11-10 20:32:09,435 - books_crawler - INFO - Fetching page: https://books.toscrape.com/catalogue/page-31.html
2025-11-10 20:32:12,945 - books_crawler - INFO - Fetching page: https://books.toscrape.com/catalogue/page-32.html
2025-11-10 20:32:17,559 - books_crawler - INFO - Fetching page: https://books.toscrape.com/catalogue/page-33.html
2025-11-10 20:32:20,836 - books_crawler - INFO - Fetching page: https://books.toscrape.com/catalogue/page-34.html
2025-11-10 20:32:23,214 - books_crawler - INFO - Fetching page: https://books.toscrape.com/catalogue/page-35.html
2025-11-10 20:32:25,335 - books_crawler - INFO - Fetching page: https://books.toscrape.com/catalogue/page-36.html
2025-11-10 20:32:28,418 - books_crawler - INFO - Fetching page: https://books.toscrape.com/catalogue/page-37.html
2025-11-10 20:32:32,319 - books_crawler - INFO - Fetching page: https://books.toscrape.com/catalogue/page-38.html
2025-11-10 20:32:36,133 - books_crawler - INFO - Fetching page: https://books.toscrape.com/catalogue/page-39.html
2025-11-10 20:32:40,304 - books_crawler - INFO - Fetching page: https://books.toscrape.com/catalogue/page-40.html
2025-11-10 20:32:45,209 - books_crawler - INFO - Fetching page: https://books.toscrape.com/catalogue/page-41.html
2025-11-10 20:32:48,589 - books_crawler - INFO - Fetching page: https://books.toscrape.com/catalogue/page-42.html
2025-11-10 20:32:52,184 - books_crawler - INFO - Fetching page: https://books.toscrape.com/catalogue/page-43.html
2025-11-10 20:32:56,959 - books_crawler - INFO - Fetching page: https://books.toscrape.com/catalogue/page-44.html
2025-11-10 20:33:00,262 - books_crawler - INFO - Fetching page: https://books.toscrape.com/catalogue/page-45.html
2025-11-10 20:33:03,847 - books_crawler - INFO - Fetching page: https://books.toscrape.com/catalogue/page-46.html
2025-11-10 20:33:07,239 - books_crawler - INFO - Fetching page: https://books.toscrape.com/catalogue/page-47.html
2025-11-10 20:33:10,309 - books_crawler - INFO - Fetching page: https://books.toscrape.com/catalogue/page-48.html
2025-11-10 20:33:16,775 - books_crawler - INFO - Fetching page: https://books.toscrape.com/catalogue/page-49.html
2025-11-10 20:33:21,490 - books_crawler - INFO - Fetching page: https://books.toscrape.com/catalogue/page-50.html
2025-11-10 20:35:37,542 - books_crawler - INFO - Crawl completed successfully
2025-11-10 21:34:08,091 - books_crawler - INFO - Starting new crawl from beginning
2025-11-10 21:34:08,092 - books_crawler - INFO - Fetching page: https://books.toscrape.com/
2025-11-10 21:34:10,100 - books_crawler - INFO - Fetching page: https://books.toscrape.com/catalogue/page-2.html
2025-11-10 21:34:11,132 - books_crawler - INFO - Fetching page: https://books.toscrape.com/catalogue/page-3.html
2025-11-10 21:34:12,525 - books_crawler - INFO - Fetching page: https://books.toscrape.com/catalogue/page-4.html
2025-11-10 21:34:14,054 - books_crawler - INFO - Fetching page: https://books.toscrape.com/catalogue/page-5.html
2025-11-10 21:34:15,548 - books_crawler - INFO - Fetching page: https://books.toscrape.com/catalogue/page-6.html
2025-11-10 21:34:17,229 - books_crawler - INFO - Fetching page: https://books.toscrape.com/catalogue/page-7.html
2025-11-10 21:34:19,001 - books_crawler - INFO - Fetching page: https://books.toscrape.com/catalogue/page-8.html
2025-11-10 21:34:20,408 - books_crawler - INFO - Fetching page: https://books.toscrape.com/catalogue/page-9.html
2025-11-10 21:34:22,912 - books_crawler - INFO - Fetching page: https://books.toscrape.com/catalogue/page-10.html
2025-11-10 21:34:25,102 - books_crawler - INFO - Fetching page: https://books.toscrape.com/catalogue/page-11.html
2025-11-10 21:34:27,619 - books_crawler - INFO - Fetching page: https://books.toscrape.com/catalogue/page-12.html
2025-11-10 21:34:29,773 - books_crawler - INFO - Fetching page: https://books.toscrape.com/catalogue/page-13.html
2025-11-10 21:34:32,639 - books_crawler - INFO - Fetching page: https://books.toscrape.com/catalogue/page-14.html
2025-11-10 21:34:35,703 - books_crawler - INFO - Fetching page: https://books.toscrape.com/catalogue/page-15.html
2025-11-10 21:34:38,265 - books_crawler - INFO - Fetching page: https://books.toscrape.com/catalogue/page-16.html
2025-11-10 21:34:40,723 - books_crawler - INFO - Fetching page: https://books.toscrape.com/catalogue/page-17.html
2025-11-10 21:34:43,184 - books_crawler - INFO - Fetching page: https://books.toscrape.com/catalogue/page-18.html
2025-11-10 21:34:45,186 - books_crawler - INFO - Fetching page: https://books.toscrape.com/catalogue/page-19.html
2025-11-10 21:34:47,219 - books_crawler - INFO - Fetching page: https://books.toscrape.com/catalogue/page-20.html
2025-11-10 21:34:49,268 - books_crawler - INFO - Fetching page: https://books.toscrape.com/catalogue/page-21.html
2025-11-10 21:34:53,501 - books_crawler - INFO - Fetching page: https://books.toscrape.com/catalogue/page-22.html
2025-11-10 21:34:55,853 - books_crawler - INFO - Fetching page: https://books.toscrape.com/catalogue/page-23.html
2025-11-10 21:34:58,235 - books_crawler - INFO - Fetching page: https://books.toscrape.com/catalogue/page-24.html
2025-11-10 21:35:03,185 - books_crawler - INFO - Fetching page: https://books.toscrape.com/catalogue/page-25.html
2025-11-10 21:35:10,138 - books_crawler - INFO - Fetching page: https://books.toscrape.com/catalogue/page-26.html
2025-11-10 21:35:16,929 - books_crawler - INFO - Fetching page: https://books.toscrape.com/catalogue/page-27.html
2025-11-10 21:35:22,737 - books_crawler - INFO - Fetching page: https://books.toscrape.com/catalogue/page-28.html
2025-11-10 21:35:30,533 - books_crawler - INFO - Fetching page: https://books.toscrape.com/catalogue/page-29.html
2025-11-10 21:35:38,546 - books_crawler - INFO - Fetching page: https://books.toscrape.com/catalogue/page-30.html
2025-11-10 21:35:44,412 - books_crawler - INFO - Fetching page: https://books.toscrape.com/catalogue/page-31.html
2025-11-10 21:35:51,724 - books_crawler - INFO - Fetching page: https://books.toscrape.com/catalogue/page-32.html
2025-11-10 21:35:55,566 - books_crawler - INFO - Fetching page: https://books.toscrape.com/catalogue/page-33.html
2025-11-10 21:35:58,702 - books_crawler - INFO - Fetching page: https://books.toscrape.com/catalogue/page-34.html
2025-11-10 21:36:02,252 - books_crawler - INFO - Fetching page: https://books.toscrape.com/catalogue/page-35.html
2025-11-10 21:36:06,204 - books_crawler - INFO - Fetching page: https://books.toscrape.com/catalogue/page-36.html
2025-11-10 21:36:09,951 - books_crawler - INFO - Fetching page: https://books.toscrape.com/catalogue/page-37.html
2025-11-10 21:36:14,697 - books_crawler - INFO - Fetching page: https://books.toscrape.com/catalogue/page-38.html
2025-11-10 21:36:19,030 - books_crawler - INFO - Fetching page: https://books.toscrape.com/catalogue/page-39.html
2025-11-10 21:36:24,756 - books_crawler - INFO - Fetching page: https://books.toscrape.com/catalogue/page-40.html
2025-11-10 21:36:32,378 - books_crawler - INFO - Fetching page: https://books.toscrape.com/catalogue/page-41.html
2025-11-10 21:36:42,427 - books_crawler - INFO - Fetching page: https://books.toscrape.com/catalogue/page-42.html
2025-11-10 21:36:50,873 - books_crawler - INFO - Fetching page: https://books.toscrape.com/catalogue/page-43.html
2025-11-10 21:36:56,405 - books_crawler - INFO - Fetching page: https://books.toscrape.com/catalogue/page-44.html
2025-11-10 21:37:00,877 - books_crawler - INFO - Fetching page: https://books.toscrape.com/catalogue/page-45.html
2025-11-10 21:37:05,609 - books_crawler - INFO - Fetching page: https://books.toscrape.com/catalogue/page-46.html
2025-11-10 21:37:08,696 - books_crawler - INFO - Fetching page: https://books.toscrape.com/catalogue/page-47.html
2025-11-10 21:37:16,755 - books_crawler - INFO - Fetching page: https://books.toscrape.com/catalogue/page-48.html
2025-11-10 21:37:22,210 - books_crawler - INFO - Fetching page: https://books.toscrape.com/catalogue/page-49.html
2025-11-10 21:37:25,973 - books_crawler - INFO - Fetching page: https://books.toscrape.com/catalogue/page-50.html
2025-11-10 21:41:13,440 - books_crawler - INFO - Crawl completed successfully
